RUN	computerdatabase.DechatTestSimulation	dechattestsimulation	1556212596320	 	3.1.1
USER	DeChat-ES-6A-II-test	1	START	1556212597551	1556212597551
REQUEST	1		request_1	1556212597581	1556212598021	OK	 
REQUEST	1		request_2	1556212598057	1556212598215	OK	 
REQUEST	1		request_2 Redirect 1	1556212598219	1556212598397	OK	 
REQUEST	1		icon.png	1556212598505	1556212598776	OK	 
REQUEST	1		broken.gif	1556212598779	1556212598983	OK	 
REQUEST	1		coffee.gif	1556212598984	1556212599309	OK	 
REQUEST	1		aja.gif	1556212598505	1556212599316	OK	 
REQUEST	1		ale.gif	1556212598506	1556212599473	OK	 
REQUEST	1		angel.gif	1556212598506	1556212599630	OK	 
REQUEST	1		212328-200.png	1556212598508	1556212599646	OK	 
REQUEST	1		angry.gif	1556212598507	1556212599656	OK	 
REQUEST	1		D.gif	1556212599310	1556212599660	OK	 
REQUEST	1		dance.gif	1556212599317	1556212599661	OK	 
REQUEST	1		awklaugh.gif	1556212598507	1556212599662	OK	 
REQUEST	1		css?family=Allerta Stencil	1556212598653	1556212599665	OK	 
REQUEST	1		doubt.gif	1556212599474	1556212599677	OK	 
REQUEST	1		cam-camera-record-video-film-movie-round-512.png	1556212598678	1556212599679	OK	 
REQUEST	1		rwi-12-512.png	1556212598660	1556212599801	OK	 
REQUEST	1		grazy.gif	1556212599631	1556212599859	OK	 
REQUEST	1		jaja.gif	1556212599660	1556212599916	OK	 
REQUEST	1		idk.gif	1556212599657	1556212599917	OK	 
REQUEST	1		jiji.gif	1556212599663	1556212599919	OK	 
REQUEST	1		jajano.gif	1556212599662	1556212599920	OK	 
REQUEST	1		?u=http%3A%2F%2F1d4chan.org%2Fimages%2Fthumb%2F6%2F6f%2FSturnn.JPG%2F300px-Sturnn.JPG&f=1	1556212598598	1556212599957	OK	 
REQUEST	1		lmao.gif	1556212599678	1556212600025	OK	 
REQUEST	1		n1.gif	1556212599859	1556212600037	OK	 
REQUEST	1		npc.gif	1556212599917	1556212600059	OK	 
REQUEST	1		popcorn.gif	1556212599918	1556212600142	OK	 
REQUEST	1		sadpepe.gif	1556212599920	1556212600143	OK	 
REQUEST	1		smugpepe.gif	1556212600060	1556212600250	OK	 
REQUEST	1		sidra.gif	1556212600026	1556212600255	OK	 
REQUEST	1		sing.gif	1556212600038	1556212600256	OK	 
REQUEST	1		srsly.gif	1556212600144	1556212600309	OK	 
REQUEST	1		sniper.gif	1556212600143	1556212600310	OK	 
REQUEST	1		thumbsup.gif	1556212600250	1556212600433	OK	 
REQUEST	1		worship.gif	1556212600256	1556212600434	OK	 
REQUEST	1		yesyes2.gif	1556212600310	1556212600474	OK	 
REQUEST	1		yesyes3.gif	1556212600311	1556212600474	OK	 
REQUEST	1		remove.gif	1556212599919	1556212600521	OK	 
REQUEST	1		youwhat.gif	1556212600433	1556212600646	OK	 
REQUEST	1		wink.gif	1556212600255	1556212600673	OK	 
REQUEST	1		request_3	1556212659660	1556212661815	OK	 
REQUEST	1		LogoASW.png	1556212661840	1556212665091	OK	 
REQUEST	1		css?family=Open+Sans:300,300italic,400,400italic,600,600italic%7CNoto+Serif:400,400italic,700,700italic%7CDroid+Sans+Mono:400,700	1556212662033	1556212665562	OK	 
REQUEST	1		Technical%20Context.png	1556212662031	1556212665606	OK	 
REQUEST	1		Business%20Context.png	1556212661841	1556212666910	OK	 
REQUEST	1		BBLevel2Service.png	1556212662032	1556212667246	OK	 
REQUEST	1		BBLevel2Repository.png	1556212662032	1556212667251	OK	 
REQUEST	1		BBLevel1.png	1556212662031	1556212667253	OK	 
REQUEST	1		loginProcess.png	1556212665607	1556212668044	OK	 
REQUEST	1		DeploymentView.png	1556212667246	1556212668533	OK	 
REQUEST	1		concepts.png	1556212667252	1556212668622	OK	 
REQUEST	1		sendMessages.png	1556212666911	1556212668881	OK	 
REQUEST	1		userJourney.png	1556212662032	1556212668999	OK	 
REQUEST	1		qualityTree.png	1556212668045	1556212669190	OK	 
REQUEST	1		DesDesicions.png	1556212667254	1556212669516	OK	 
REQUEST	1		problems.png	1556212668535	1556212669893	OK	 
USER	DeChat-ES-6A-II-test	1	END	1556212597551	1556212669906
