RUN	dechates6a2.DechatTestSimulation	dechattestsimulation	1556280855557	 	3.1.1
USER	DeChat-ES-6A-II-Performance-Test	4	START	1556280856798	1556280856798
USER	DeChat-ES-6A-II-Performance-Test	2	START	1556280856797	1556280856797
USER	DeChat-ES-6A-II-Performance-Test	6	START	1556280856798	1556280856798
USER	DeChat-ES-6A-II-Performance-Test	3	START	1556280856797	1556280856797
USER	DeChat-ES-6A-II-Performance-Test	8	START	1556280856798	1556280856798
USER	DeChat-ES-6A-II-Performance-Test	7	START	1556280856798	1556280856798
USER	DeChat-ES-6A-II-Performance-Test	1	START	1556280856797	1556280856797
USER	DeChat-ES-6A-II-Performance-Test	5	START	1556280856798	1556280856798
REQUEST	5		Unexistent folder	1556280856864	1556280857061	OK	 
REQUEST	8		Unexistent folder	1556280856864	1556280857078	OK	 
REQUEST	3		Unexistent folder	1556280856864	1556280857101	OK	 
REQUEST	4		Unexistent folder	1556280856864	1556280857108	OK	 
REQUEST	7		Unexistent folder	1556280856864	1556280857121	OK	 
REQUEST	6		Unexistent folder	1556280856864	1556280857132	OK	 
REQUEST	1		Unexistent folder	1556280856864	1556280857141	OK	 
REQUEST	3		Unexistent Videos	1556280857103	1556280857207	OK	 
REQUEST	4		Unexistent Videos	1556280857110	1556280857207	OK	 
REQUEST	2		Unexistent folder	1556280856864	1556280857212	OK	 
REQUEST	5		Unexistent Videos	1556280857090	1556280857214	OK	 
REQUEST	7		Unexistent Videos	1556280857132	1556280857215	OK	 
REQUEST	8		Unexistent Videos	1556280857090	1556280857215	OK	 
REQUEST	1		Unexistent Videos	1556280857142	1556280857220	OK	 
REQUEST	6		Unexistent Videos	1556280857140	1556280857220	OK	 
REQUEST	2		Unexistent Videos	1556280857214	1556280857242	OK	 
REQUEST	2		Unexistent Images	1556280857242	1556280857356	OK	 
REQUEST	4		Unexistent Images	1556280857208	1556280857356	OK	 
REQUEST	5		Unexistent Images	1556280857215	1556280857356	OK	 
REQUEST	8		Unexistent Images	1556280857216	1556280857356	OK	 
REQUEST	1		Unexistent Images	1556280857221	1556280857356	OK	 
REQUEST	3		Unexistent Images	1556280857208	1556280857356	OK	 
REQUEST	6		Unexistent Images	1556280857221	1556280857356	OK	 
REQUEST	7		Unexistent Images	1556280857216	1556280857356	OK	 
REQUEST	5		Unexistent Images Redirect 1	1556280857362	1556280857408	OK	 
REQUEST	7		Unexistent Images Redirect 1	1556280857363	1556280857427	OK	 
REQUEST	1		Unexistent Images Redirect 1	1556280857362	1556280857434	OK	 
REQUEST	2		Unexistent Images Redirect 1	1556280857362	1556280857434	OK	 
REQUEST	3		Unexistent Images Redirect 1	1556280857363	1556280857435	OK	 
REQUEST	8		Unexistent Images Redirect 1	1556280857362	1556280857435	OK	 
REQUEST	6		Unexistent Images Redirect 1	1556280857363	1556280857436	OK	 
REQUEST	4		Unexistent Images Redirect 1	1556280857362	1556280857436	OK	 
REQUEST	5		Unexistent Images Redirect 2	1556280857409	1556280857462	OK	 
REQUEST	7		Unexistent Images Redirect 2	1556280857429	1556280857462	OK	 
REQUEST	1		Unexistent Images Redirect 2	1556280857435	1556280857482	OK	 
REQUEST	8		Unexistent Images Redirect 2	1556280857436	1556280857482	OK	 
REQUEST	2		Unexistent Images Redirect 2	1556280857435	1556280857487	OK	 
REQUEST	3		Unexistent Images Redirect 2	1556280857436	1556280857487	OK	 
REQUEST	7		Home View	1556280857462	1556280857498	OK	 
REQUEST	5		Home View	1556280857462	1556280857499	OK	 
REQUEST	4		Unexistent Images Redirect 2	1556280857437	1556280857499	OK	 
REQUEST	6		Unexistent Images Redirect 2	1556280857436	1556280857499	OK	 
REQUEST	8		Home View	1556280857483	1556280857519	OK	 
REQUEST	2		Home View	1556280857488	1556280857528	OK	 
REQUEST	4		Home View	1556280857499	1556280857528	OK	 
REQUEST	6		Home View	1556280857499	1556280857528	OK	 
REQUEST	1		Home View	1556280857483	1556280857532	OK	 
REQUEST	3		Home View	1556280857488	1556280857532	OK	 
REQUEST	5		Home View Redirect 1	1556280857499	1556280857528	OK	 
REQUEST	7		Home View Redirect 1	1556280857499	1556280857532	OK	 
REQUEST	8		Home View Redirect 1	1556280857520	1556280857545	OK	 
REQUEST	6		Home View Redirect 1	1556280857528	1556280857551	OK	 
REQUEST	4		Home View Redirect 1	1556280857528	1556280857552	OK	 
REQUEST	2		Home View Redirect 1	1556280857528	1556280857584	OK	 
REQUEST	3		Home View Redirect 1	1556280857533	1556280857584	OK	 
REQUEST	1		Home View Redirect 1	1556280857533	1556280857584	OK	 
REQUEST	2		icon.png	1556280857659	1556280858153	OK	 
REQUEST	5		icon.png	1556280857660	1556280858152	OK	 
REQUEST	6		icon.png	1556280857660	1556280858153	OK	 
REQUEST	1		icon.png	1556280857662	1556280858153	OK	 
REQUEST	3		icon.png	1556280857659	1556280858154	OK	 
REQUEST	4		icon.png	1556280857659	1556280858156	OK	 
REQUEST	8		icon.png	1556280857660	1556280858157	OK	 
REQUEST	7		icon.png	1556280857660	1556280858158	OK	 
REQUEST	1		broken.gif	1556280858155	1556280858271	OK	 
REQUEST	5		broken.gif	1556280858155	1556280858271	OK	 
REQUEST	6		broken.gif	1556280858155	1556280858271	OK	 
REQUEST	3		broken.gif	1556280858156	1556280858274	OK	 
REQUEST	4		broken.gif	1556280858157	1556280858275	OK	 
REQUEST	8		broken.gif	1556280858157	1556280858276	OK	 
REQUEST	7		broken.gif	1556280858159	1556280858276	OK	 
REQUEST	2		broken.gif	1556280858155	1556280858295	OK	 
REQUEST	2		coffee.gif	1556280858296	1556280858768	OK	 
REQUEST	4		coffee.gif	1556280858276	1556280858769	OK	 
REQUEST	3		coffee.gif	1556280858275	1556280858769	OK	 
REQUEST	8		coffee.gif	1556280858276	1556280858770	OK	 
REQUEST	7		coffee.gif	1556280858276	1556280858872	OK	 
REQUEST	2		ale.gif	1556280857661	1556280858978	OK	 
REQUEST	1		awklaugh.gif	1556280857664	1556280858978	OK	 
REQUEST	8		ale.gif	1556280857661	1556280858978	OK	 
REQUEST	4		awklaugh.gif	1556280857665	1556280858978	OK	 
REQUEST	7		ale.gif	1556280857661	1556280858978	OK	 
REQUEST	5		awklaugh.gif	1556280857663	1556280858978	OK	 
REQUEST	3		ale.gif	1556280857663	1556280858979	OK	 
REQUEST	8		awklaugh.gif	1556280857664	1556280858980	OK	 
REQUEST	2		angry.gif	1556280857662	1556280858985	OK	 
REQUEST	6		angry.gif	1556280857663	1556280858985	OK	 
REQUEST	3		awklaugh.gif	1556280857664	1556280858985	OK	 
REQUEST	4		angry.gif	1556280857665	1556280858985	OK	 
REQUEST	4		angel.gif	1556280857664	1556280858986	OK	 
REQUEST	7		angel.gif	1556280857662	1556280858986	OK	 
REQUEST	8		angel.gif	1556280857662	1556280858986	OK	 
REQUEST	5		angry.gif	1556280857662	1556280858986	OK	 
REQUEST	1		angel.gif	1556280857663	1556280858986	OK	 
REQUEST	3		angry.gif	1556280857664	1556280858986	OK	 
REQUEST	7		aja.gif	1556280857661	1556280858987	OK	 
REQUEST	8		aja.gif	1556280857661	1556280858987	OK	 
REQUEST	4		D.gif	1556280858770	1556280858987	OK	 
REQUEST	3		D.gif	1556280858770	1556280858987	OK	 
REQUEST	5		aja.gif	1556280857661	1556280858988	OK	 
REQUEST	2		aja.gif	1556280857660	1556280858988	OK	 
REQUEST	3		angel.gif	1556280857663	1556280858988	OK	 
REQUEST	5		angel.gif	1556280857662	1556280858988	OK	 
REQUEST	4		aja.gif	1556280857660	1556280858989	OK	 
REQUEST	7		D.gif	1556280858872	1556280858992	OK	 
REQUEST	8		D.gif	1556280858771	1556280858992	OK	 
REQUEST	4		212328-200.png	1556280857666	1556280858992	OK	 
REQUEST	2		D.gif	1556280858768	1556280858992	OK	 
REQUEST	2		angel.gif	1556280857662	1556280858993	OK	 
REQUEST	2		awklaugh.gif	1556280857663	1556280858994	OK	 
REQUEST	1		ale.gif	1556280857663	1556280859043	OK	 
REQUEST	8		css?family=Allerta Stencil	1556280858055	1556280859168	OK	 
REQUEST	6		css?family=Allerta Stencil	1556280858056	1556280859169	OK	 
REQUEST	1		css?family=Allerta Stencil	1556280858056	1556280859170	OK	 
REQUEST	4		css?family=Allerta Stencil	1556280858055	1556280859171	OK	 
REQUEST	3		css?family=Allerta Stencil	1556280858055	1556280859171	OK	 
REQUEST	3		rwi-12-512.png	1556280858071	1556280859182	OK	 
REQUEST	1		coffee.gif	1556280858271	1556280859182	OK	 
REQUEST	8		rwi-12-512.png	1556280858071	1556280859187	OK	 
REQUEST	7		rwi-12-512.png	1556280858071	1556280859189	OK	 
REQUEST	5		D.gif	1556280858979	1556280859192	OK	 
REQUEST	1		212328-200.png	1556280857665	1556280859192	OK	 
REQUEST	1		D.gif	1556280858979	1556280859193	OK	 
REQUEST	5		coffee.gif	1556280858271	1556280859193	OK	 
REQUEST	8		idk.gif	1556280858988	1556280859199	OK	 
REQUEST	6		D.gif	1556280858985	1556280859199	OK	 
REQUEST	3		idk.gif	1556280858988	1556280859199	OK	 
REQUEST	2		idk.gif	1556280858992	1556280859199	OK	 
REQUEST	7		idk.gif	1556280858992	1556280859199	OK	 
REQUEST	7		doubt.gif	1556280858987	1556280859200	OK	 
REQUEST	1		doubt.gif	1556280859044	1556280859200	OK	 
REQUEST	2		doubt.gif	1556280858985	1556280859200	OK	 
REQUEST	8		doubt.gif	1556280858980	1556280859200	OK	 
REQUEST	4		doubt.gif	1556280858985	1556280859225	OK	 
REQUEST	8		grazy.gif	1556280858987	1556280859284	OK	 
REQUEST	4		grazy.gif	1556280858987	1556280859284	OK	 
REQUEST	2		grazy.gif	1556280858988	1556280859284	OK	 
REQUEST	5		grazy.gif	1556280858989	1556280859284	OK	 
REQUEST	3		doubt.gif	1556280858985	1556280859284	OK	 
REQUEST	7		grazy.gif	1556280858988	1556280859284	OK	 
REQUEST	3		grazy.gif	1556280858987	1556280859287	OK	 
REQUEST	5		rwi-12-512.png	1556280858071	1556280859300	OK	 
REQUEST	8		cam-camera-record-video-film-movie-round-512.png	1556280858102	1556280859303	OK	 
REQUEST	3		cam-camera-record-video-film-movie-round-512.png	1556280858102	1556280859303	OK	 
REQUEST	5		jaja.gif	1556280859194	1556280859339	OK	 
REQUEST	1		idk.gif	1556280859193	1556280859339	OK	 
REQUEST	7		jaja.gif	1556280859199	1556280859341	OK	 
REQUEST	3		jajano.gif	1556280859199	1556280859341	OK	 
REQUEST	1		grazy.gif	1556280859183	1556280859341	OK	 
REQUEST	6		dance.gif	1556280859199	1556280859345	OK	 
REQUEST	5		idk.gif	1556280859193	1556280859346	OK	 
REQUEST	7		jajano.gif	1556280859200	1556280859370	OK	 
REQUEST	6		angel.gif	1556280857661	1556280859370	OK	 
REQUEST	8		jajano.gif	1556280859199	1556280859370	OK	 
REQUEST	1		jaja.gif	1556280859200	1556280859370	OK	 
REQUEST	6		ale.gif	1556280857661	1556280859371	OK	 
REQUEST	6		212328-200.png	1556280857664	1556280859372	OK	 
REQUEST	3		?u=http%3A%2F%2F1d4chan.org%2Fimages%2Fthumb%2F6%2F6f%2FSturnn.JPG%2F300px-Sturnn.JPG&f=1	1556280857946	1556280859389	OK	 
REQUEST	4		?u=http%3A%2F%2F1d4chan.org%2Fimages%2Fthumb%2F6%2F6f%2FSturnn.JPG%2F300px-Sturnn.JPG&f=1	1556280857946	1556280859389	OK	 
REQUEST	6		?u=http%3A%2F%2F1d4chan.org%2Fimages%2Fthumb%2F6%2F6f%2FSturnn.JPG%2F300px-Sturnn.JPG&f=1	1556280857946	1556280859389	OK	 
REQUEST	4		idk.gif	1556280858988	1556280859389	OK	 
REQUEST	5		doubt.gif	1556280858988	1556280859396	OK	 
REQUEST	4		jajano.gif	1556280859226	1556280859397	OK	 
REQUEST	2		n1.gif	1556280859285	1556280859400	OK	 
REQUEST	5		jajano.gif	1556280859285	1556280859400	OK	 
REQUEST	7		awklaugh.gif	1556280857663	1556280859401	OK	 
REQUEST	3		lmao.gif	1556280859288	1556280859404	OK	 
REQUEST	8		lmao.gif	1556280859285	1556280859404	OK	 
REQUEST	8		jiji.gif	1556280859200	1556280859405	OK	 
REQUEST	4		jiji.gif	1556280859285	1556280859407	OK	 
REQUEST	2		jiji.gif	1556280859199	1556280859407	OK	 
REQUEST	2		lmao.gif	1556280859200	1556280859408	OK	 
REQUEST	7		jiji.gif	1556280859285	1556280859415	OK	 
REQUEST	2		css?family=Allerta Stencil	1556280858055	1556280859421	OK	 
REQUEST	8		angry.gif	1556280857663	1556280859479	OK	 
REQUEST	6		coffee.gif	1556280858271	1556280859494	OK	 
REQUEST	3		n1.gif	1556280859341	1556280859495	OK	 
REQUEST	1		jiji.gif	1556280859341	1556280859495	OK	 
REQUEST	7		lmao.gif	1556280859341	1556280859495	OK	 
REQUEST	8		n1.gif	1556280859370	1556280859495	OK	 
REQUEST	6		aja.gif	1556280857660	1556280859495	OK	 
REQUEST	4		lmao.gif	1556280859390	1556280859494	OK	 
REQUEST	5		jiji.gif	1556280859340	1556280859494	OK	 
REQUEST	1		jajano.gif	1556280859340	1556280859495	OK	 
REQUEST	7		n1.gif	1556280859370	1556280859495	OK	 
REQUEST	3		212328-200.png	1556280857665	1556280859496	OK	 
REQUEST	6		idk.gif	1556280859372	1556280859496	OK	 
REQUEST	5		lmao.gif	1556280859346	1556280859496	OK	 
REQUEST	6		grazy.gif	1556280859370	1556280859497	OK	 
REQUEST	6		doubt.gif	1556280859346	1556280859498	OK	 
REQUEST	1		lmao.gif	1556280859370	1556280859498	OK	 
REQUEST	6		awklaugh.gif	1556280857663	1556280859498	OK	 
REQUEST	5		212328-200.png	1556280857664	1556280859605	OK	 
REQUEST	7		212328-200.png	1556280857664	1556280859607	OK	 
REQUEST	5		n1.gif	1556280859397	1556280859608	OK	 
REQUEST	2		212328-200.png	1556280857664	1556280859623	OK	 
REQUEST	4		n1.gif	1556280859397	1556280859623	OK	 
REQUEST	8		jaja.gif	1556280858993	1556280859634	OK	 
REQUEST	3		jaja.gif	1556280858989	1556280859637	OK	 
REQUEST	3		jiji.gif	1556280859285	1556280859660	OK	 
REQUEST	5		css?family=Allerta Stencil	1556280858056	1556280859661	OK	 
REQUEST	7		css?family=Allerta Stencil	1556280858056	1556280859664	OK	 
REQUEST	6		cam-camera-record-video-film-movie-round-512.png	1556280858103	1556280859732	OK	 
REQUEST	1		n1.gif	1556280859495	1556280859735	OK	 
REQUEST	6		jaja.gif	1556280859495	1556280859735	OK	 
REQUEST	6		jajano.gif	1556280859496	1556280859736	OK	 
REQUEST	6		jiji.gif	1556280859496	1556280859737	OK	 
REQUEST	4		popcorn.gif	1556280859496	1556280859738	OK	 
REQUEST	5		popcorn.gif	1556280859496	1556280859738	OK	 
REQUEST	6		lmao.gif	1556280859497	1556280859738	OK	 
REQUEST	6		n1.gif	1556280859498	1556280859739	OK	 
REQUEST	3		popcorn.gif	1556280859495	1556280859754	OK	 
REQUEST	2		popcorn.gif	1556280859408	1556280859754	OK	 
REQUEST	7		popcorn.gif	1556280859416	1556280859754	OK	 
REQUEST	1		popcorn.gif	1556280859498	1556280859754	OK	 
REQUEST	2		npc.gif	1556280859401	1556280859761	OK	 
REQUEST	6		npc.gif	1556280859499	1556280859761	OK	 
REQUEST	8		npc.gif	1556280859405	1556280859761	OK	 
REQUEST	5		npc.gif	1556280859401	1556280859761	OK	 
REQUEST	1		npc.gif	1556280859496	1556280859761	OK	 
REQUEST	3		npc.gif	1556280859405	1556280859761	OK	 
REQUEST	7		npc.gif	1556280859401	1556280859762	OK	 
REQUEST	4		npc.gif	1556280859407	1556280859762	OK	 
REQUEST	8		popcorn.gif	1556280859406	1556280859762	OK	 
REQUEST	1		rwi-12-512.png	1556280858071	1556280859765	OK	 
REQUEST	8		dance.gif	1556280858979	1556280859772	OK	 
REQUEST	7		angry.gif	1556280857662	1556280859893	OK	 
REQUEST	5		sadpepe.gif	1556280859609	1556280859898	OK	 
REQUEST	7		sadpepe.gif	1556280859496	1556280859898	OK	 
REQUEST	8		sadpepe.gif	1556280859496	1556280859901	OK	 
REQUEST	1		cam-camera-record-video-film-movie-round-512.png	1556280858103	1556280859913	OK	 
REQUEST	2		jajano.gif	1556280858994	1556280859936	OK	 
REQUEST	3		sadpepe.gif	1556280859661	1556280859936	OK	 
REQUEST	2		jaja.gif	1556280858993	1556280859937	OK	 
REQUEST	4		jaja.gif	1556280858989	1556280859986	OK	 
REQUEST	2		dance.gif	1556280858979	1556280859988	OK	 
REQUEST	6		rwi-12-512.png	1556280858071	1556280859991	OK	 
REQUEST	5		dance.gif	1556280858987	1556280860067	OK	 
REQUEST	3		sing.gif	1556280859762	1556280860069	OK	 
REQUEST	6		sing.gif	1556280859740	1556280860071	OK	 
REQUEST	8		sing.gif	1556280859762	1556280860071	OK	 
REQUEST	7		sing.gif	1556280859763	1556280860071	OK	 
REQUEST	8		sniper.gif	1556280859773	1556280860072	OK	 
REQUEST	2		sing.gif	1556280859936	1556280860081	OK	 
REQUEST	4		rwi-12-512.png	1556280858071	1556280860086	OK	 
REQUEST	2		rwi-12-512.png	1556280858071	1556280860093	OK	 
REQUEST	4		cam-camera-record-video-film-movie-round-512.png	1556280858103	1556280860106	OK	 
REQUEST	2		sniper.gif	1556280859988	1556280860108	OK	 
REQUEST	4		sing.gif	1556280859987	1556280860118	OK	 
REQUEST	8		smugpepe.gif	1556280859763	1556280860120	OK	 
REQUEST	2		cam-camera-record-video-film-movie-round-512.png	1556280858102	1556280860120	OK	 
REQUEST	5		sniper.gif	1556280860068	1556280860121	OK	 
REQUEST	6		sniper.gif	1556280860071	1556280860121	OK	 
REQUEST	6		smugpepe.gif	1556280859762	1556280860153	OK	 
REQUEST	3		sniper.gif	1556280860070	1556280860153	OK	 
REQUEST	4		dance.gif	1556280858979	1556280860170	OK	 
REQUEST	1		dance.gif	1556280858987	1556280860170	OK	 
REQUEST	5		?u=http%3A%2F%2F1d4chan.org%2Fimages%2Fthumb%2F6%2F6f%2FSturnn.JPG%2F300px-Sturnn.JPG&f=1	1556280857947	1556280860184	OK	 
REQUEST	4		sadpepe.gif	1556280859738	1556280860183	OK	 
REQUEST	3		smugpepe.gif	1556280859937	1556280860189	OK	 
REQUEST	7		cam-camera-record-video-film-movie-round-512.png	1556280858102	1556280860206	OK	 
REQUEST	2		sadpepe.gif	1556280859755	1556280860221	OK	 
REQUEST	2		?u=http%3A%2F%2F1d4chan.org%2Fimages%2Fthumb%2F6%2F6f%2FSturnn.JPG%2F300px-Sturnn.JPG&f=1	1556280857946	1556280860222	OK	 
REQUEST	1		?u=http%3A%2F%2F1d4chan.org%2Fimages%2Fthumb%2F6%2F6f%2FSturnn.JPG%2F300px-Sturnn.JPG&f=1	1556280857946	1556280860222	OK	 
REQUEST	4		sniper.gif	1556280860171	1556280860223	OK	 
REQUEST	6		sadpepe.gif	1556280859738	1556280860223	OK	 
REQUEST	1		sing.gif	1556280860171	1556280860223	OK	 
REQUEST	2		thumbsup.gif	1556280860108	1556280860249	OK	 
REQUEST	6		thumbsup.gif	1556280860154	1556280860249	OK	 
REQUEST	8		thumbsup.gif	1556280860071	1556280860249	OK	 
REQUEST	3		thumbsup.gif	1556280860190	1556280860249	OK	 
REQUEST	1		aja.gif	1556280857663	1556280860249	OK	 
REQUEST	8		wink.gif	1556280860073	1556280860250	OK	 
REQUEST	7		srsly.gif	1556280860071	1556280860251	OK	 
REQUEST	5		srsly.gif	1556280860122	1556280860251	OK	 
REQUEST	4		srsly.gif	1556280860185	1556280860251	OK	 
REQUEST	3		srsly.gif	1556280860154	1556280860251	OK	 
REQUEST	2		srsly.gif	1556280860081	1556280860251	OK	 
REQUEST	3		sidra.gif	1556280859755	1556280860276	OK	 
REQUEST	1		sidra.gif	1556280859762	1556280860284	OK	 
REQUEST	4		smugpepe.gif	1556280860118	1556280860293	OK	 
REQUEST	6		wink.gif	1556280860224	1556280860295	OK	 
REQUEST	6		popcorn.gif	1556280859736	1556280860297	OK	 
REQUEST	2		wink.gif	1556280860222	1556280860297	OK	 
REQUEST	4		thumbsup.gif	1556280860224	1556280860297	OK	 
REQUEST	2		worship.gif	1556280860250	1556280860309	OK	 
REQUEST	3		wink.gif	1556280860250	1556280860309	OK	 
REQUEST	6		worship.gif	1556280860250	1556280860309	OK	 
REQUEST	1		sniper.gif	1556280860250	1556280860309	OK	 
REQUEST	8		worship.gif	1556280860120	1556280860309	OK	 
REQUEST	7		?u=http%3A%2F%2F1d4chan.org%2Fimages%2Fthumb%2F6%2F6f%2FSturnn.JPG%2F300px-Sturnn.JPG&f=1	1556280857946	1556280860310	OK	 
REQUEST	1		sadpepe.gif	1556280859755	1556280860310	OK	 
REQUEST	5		sidra.gif	1556280859738	1556280860321	OK	 
REQUEST	8		sidra.gif	1556280859635	1556280860322	OK	 
REQUEST	7		sidra.gif	1556280859755	1556280860322	OK	 
REQUEST	6		sidra.gif	1556280859739	1556280860323	OK	 
REQUEST	5		thumbsup.gif	1556280860251	1556280860415	OK	 
REQUEST	4		wink.gif	1556280860251	1556280860418	OK	 
REQUEST	3		worship.gif	1556280860251	1556280860418	OK	 
REQUEST	1		srsly.gif	1556280860285	1556280860420	OK	 
REQUEST	4		worship.gif	1556280860294	1556280860420	OK	 
REQUEST	1		thumbsup.gif	1556280860309	1556280860422	OK	 
REQUEST	1		wink.gif	1556280860310	1556280860423	OK	 
REQUEST	6		srsly.gif	1556280860122	1556280860425	OK	 
REQUEST	7		wink.gif	1556280860323	1556280860425	OK	 
REQUEST	5		wink.gif	1556280860322	1556280860425	OK	 
REQUEST	3		yesyes2.gif	1556280860277	1556280860452	OK	 
REQUEST	4		yesyes2.gif	1556280860297	1556280860452	OK	 
REQUEST	2		yesyes2.gif	1556280860251	1556280860452	OK	 
REQUEST	6		yesyes2.gif	1556280860296	1556280860452	OK	 
REQUEST	8		yesyes2.gif	1556280860250	1556280860452	OK	 
REQUEST	5		sing.gif	1556280859762	1556280860453	OK	 
REQUEST	3		yesyes3.gif	1556280860309	1556280860453	OK	 
REQUEST	8		yesyes3.gif	1556280860251	1556280860454	OK	 
REQUEST	2		yesyes3.gif	1556280860298	1556280860454	OK	 
REQUEST	6		yesyes3.gif	1556280860298	1556280860454	OK	 
REQUEST	4		yesyes3.gif	1556280860419	1556280860467	OK	 
REQUEST	7		smugpepe.gif	1556280859893	1556280860467	OK	 
REQUEST	5		worship.gif	1556280860416	1556280860468	OK	 
REQUEST	6		youwhat.gif	1556280860309	1556280860468	OK	 
REQUEST	2		youwhat.gif	1556280860310	1556280860468	OK	 
REQUEST	3		youwhat.gif	1556280860419	1556280860468	OK	 
REQUEST	7		dance.gif	1556280858979	1556280860468	OK	 
REQUEST	5		yesyes2.gif	1556280860425	1556280860471	OK	 
REQUEST	4		youwhat.gif	1556280860421	1556280860471	OK	 
REQUEST	8		youwhat.gif	1556280860309	1556280860471	OK	 
REQUEST	1		yesyes2.gif	1556280860422	1556280860471	OK	 
REQUEST	7		worship.gif	1556280860425	1556280860471	OK	 
REQUEST	5		remove.gif	1556280859496	1556280860472	OK	 
REQUEST	1		yesyes3.gif	1556280860423	1556280860472	OK	 
REQUEST	1		worship.gif	1556280860421	1556280860472	OK	 
REQUEST	4		sidra.gif	1556280859763	1556280860477	OK	 
REQUEST	8		?u=http%3A%2F%2F1d4chan.org%2Fimages%2Fthumb%2F6%2F6f%2FSturnn.JPG%2F300px-Sturnn.JPG&f=1	1556280857946	1556280860477	OK	 
REQUEST	1		youwhat.gif	1556280860471	1556280860513	OK	 
REQUEST	7		yesyes3.gif	1556280860469	1556280860513	OK	 
REQUEST	7		youwhat.gif	1556280860471	1556280860513	OK	 
REQUEST	5		yesyes3.gif	1556280860454	1556280860513	OK	 
REQUEST	7		yesyes2.gif	1556280860468	1556280860513	OK	 
REQUEST	5		youwhat.gif	1556280860468	1556280860513	OK	 
REQUEST	1		angry.gif	1556280857664	1556280860521	OK	 
REQUEST	5		cam-camera-record-video-film-movie-round-512.png	1556280858102	1556280860570	OK	 
REQUEST	7		sniper.gif	1556280859899	1556280860571	OK	 
REQUEST	2		smugpepe.gif	1556280859937	1556280860571	OK	 
REQUEST	1		smugpepe.gif	1556280860224	1556280860655	OK	 
REQUEST	2		sidra.gif	1556280859762	1556280860670	OK	 
REQUEST	8		srsly.gif	1556280859902	1556280860673	OK	 
REQUEST	5		smugpepe.gif	1556280859899	1556280860682	OK	 
REQUEST	7		thumbsup.gif	1556280860251	1556280860702	OK	 
REQUEST	3		dance.gif	1556280858979	1556280860724	OK	 
REQUEST	3		aja.gif	1556280857660	1556280861144	OK	 
REQUEST	4		ale.gif	1556280857664	1556280861144	OK	 
REQUEST	5		ale.gif	1556280857661	1556280861215	OK	 
REQUEST	7		remove.gif	1556280859495	1556280861392	OK	 
REQUEST	8		212328-200.png	1556280857665	1556280861440	OK	 
REQUEST	3		remove.gif	1556280859638	1556280861441	OK	 
REQUEST	2		remove.gif	1556280859409	1556280861448	OK	 
REQUEST	4		remove.gif	1556280859624	1556280861472	OK	 
REQUEST	1		remove.gif	1556280859736	1556280861626	OK	 
REQUEST	8		remove.gif	1556280859495	1556280861808	OK	 
REQUEST	6		remove.gif	1556280859737	1556280861834	OK	 
REQUEST	5		request_3	1556280909225	1556280909498	OK	 
REQUEST	7		request_3	1556280909392	1556280909527	OK	 
REQUEST	3		request_3	1556280909454	1556280909540	OK	 
REQUEST	2		request_3	1556280909464	1556280909644	OK	 
REQUEST	7		css?family=Open+Sans:300,300italic,400,400italic,600,600italic%7CNoto+Serif:400,400italic,700,700italic%7CDroid+Sans+Mono:400,700	1556280909540	1556280909672	OK	 
REQUEST	3		css?family=Open+Sans:300,300italic,400,400italic,600,600italic%7CNoto+Serif:400,400italic,700,700italic%7CDroid+Sans+Mono:400,700	1556280909545	1556280909672	OK	 
REQUEST	4		request_3	1556280909485	1556280909672	OK	 
REQUEST	5		css?family=Open+Sans:300,300italic,400,400italic,600,600italic%7CNoto+Serif:400,400italic,700,700italic%7CDroid+Sans+Mono:400,700	1556280909540	1556280909677	OK	 
REQUEST	5		LogoASW.png	1556280909517	1556280909734	OK	 
REQUEST	2		css?family=Open+Sans:300,300italic,400,400italic,600,600italic%7CNoto+Serif:400,400italic,700,700italic%7CDroid+Sans+Mono:400,700	1556280909648	1556280909803	OK	 
REQUEST	4		css?family=Open+Sans:300,300italic,400,400italic,600,600italic%7CNoto+Serif:400,400italic,700,700italic%7CDroid+Sans+Mono:400,700	1556280909678	1556280909805	OK	 
REQUEST	7		LogoASW.png	1556280909531	1556280909811	OK	 
REQUEST	3		LogoASW.png	1556280909542	1556280909860	OK	 
REQUEST	4		LogoASW.png	1556280909674	1556280909909	OK	 
REQUEST	1		request_3	1556280909645	1556280909910	OK	 
REQUEST	8		request_3	1556280909813	1556280909911	OK	 
REQUEST	2		LogoASW.png	1556280909646	1556280910113	OK	 
REQUEST	1		LogoASW.png	1556280909912	1556280910195	OK	 
REQUEST	6		request_3	1556280909846	1556280910269	OK	 
REQUEST	4		Technical%20Context.png	1556280909675	1556280910280	OK	 
REQUEST	2		Technical%20Context.png	1556280909647	1556280910281	OK	 
REQUEST	5		Technical%20Context.png	1556280909537	1556280910463	OK	 
REQUEST	8		LogoASW.png	1556280909912	1556280910468	OK	 
REQUEST	3		Technical%20Context.png	1556280909543	1556280910469	OK	 
REQUEST	6		css?family=Open+Sans:300,300italic,400,400italic,600,600italic%7CNoto+Serif:400,400italic,700,700italic%7CDroid+Sans+Mono:400,700	1556280910277	1556280910607	OK	 
REQUEST	7		Technical%20Context.png	1556280909537	1556280910629	OK	 
REQUEST	3		BBLevel2Service.png	1556280909544	1556280910691	OK	 
REQUEST	6		LogoASW.png	1556280910272	1556280910775	OK	 
REQUEST	7		BBLevel2Service.png	1556280909538	1556280910775	OK	 
REQUEST	1		css?family=Open+Sans:300,300italic,400,400italic,600,600italic%7CNoto+Serif:400,400italic,700,700italic%7CDroid+Sans+Mono:400,700	1556280909915	1556280910898	OK	 
REQUEST	5		BBLevel2Service.png	1556280909538	1556280910901	OK	 
REQUEST	2		BBLevel2Service.png	1556280909647	1556280911192	OK	 
REQUEST	6		Technical%20Context.png	1556280910274	1556280911247	OK	 
REQUEST	7		sendMessages.png	1556280910775	1556280911278	OK	 
REQUEST	8		css?family=Open+Sans:300,300italic,400,400italic,600,600italic%7CNoto+Serif:400,400italic,700,700italic%7CDroid+Sans+Mono:400,700	1556280909915	1556280911279	OK	 
REQUEST	8		BBLevel2Repository.png	1556280909914	1556280911294	OK	 
REQUEST	4		Business%20Context.png	1556280909675	1556280911311	OK	 
REQUEST	4		BBLevel1.png	1556280909675	1556280911320	OK	 
REQUEST	3		sendMessages.png	1556280910691	1556280911346	OK	 
REQUEST	2		loginProcess.png	1556280910282	1556280911447	OK	 
REQUEST	5		sendMessages.png	1556280910902	1556280911657	OK	 
REQUEST	7		loginProcess.png	1556280910629	1556280911770	OK	 
REQUEST	2		BBLevel2Repository.png	1556280909647	1556280911774	OK	 
REQUEST	8		Technical%20Context.png	1556280909913	1556280911825	OK	 
REQUEST	3		BBLevel2Repository.png	1556280909545	1556280911855	OK	 
REQUEST	5		BBLevel1.png	1556280909538	1556280911888	OK	 
REQUEST	2		sendMessages.png	1556280911192	1556280911901	OK	 
REQUEST	5		loginProcess.png	1556280910464	1556280911905	OK	 
REQUEST	4		BBLevel2Repository.png	1556280909677	1556280912023	OK	 
REQUEST	3		DeploymentView.png	1556280911347	1556280912123	OK	 
REQUEST	7		DeploymentView.png	1556280911279	1556280912128	OK	 
REQUEST	6		Business%20Context.png	1556280910273	1556280912129	OK	 
REQUEST	5		Business%20Context.png	1556280909518	1556280912212	OK	 
REQUEST	2		DeploymentView.png	1556280911447	1556280912225	OK	 
REQUEST	5		DeploymentView.png	1556280911658	1556280912283	OK	 
REQUEST	2		DesDesicions.png	1556280911901	1556280912335	OK	 
REQUEST	7		DesDesicions.png	1556280912128	1556280912344	OK	 
REQUEST	3		DesDesicions.png	1556280912123	1556280912344	OK	 
REQUEST	8		BBLevel2Service.png	1556280909914	1556280912388	OK	 
REQUEST	1		BBLevel1.png	1556280909914	1556280912405	OK	 
REQUEST	5		BBLevel2Repository.png	1556280909539	1556280912406	OK	 
REQUEST	4		DeploymentView.png	1556280911321	1556280912435	OK	 
REQUEST	1		BBLevel2Service.png	1556280909914	1556280912447	OK	 
REQUEST	5		DesDesicions.png	1556280911905	1556280912488	OK	 
REQUEST	6		sendMessages.png	1556280912129	1556280912521	OK	 
REQUEST	8		DeploymentView.png	1556280912388	1556280912703	OK	 
REQUEST	8		loginProcess.png	1556280911294	1556280912727	OK	 
REQUEST	4		loginProcess.png	1556280910280	1556280912746	OK	 
REQUEST	4		concepts.png	1556280912023	1556280912776	OK	 
REQUEST	3		qualityTree.png	1556280912344	1556280912808	OK	 
REQUEST	6		DeploymentView.png	1556280912521	1556280912827	OK	 
REQUEST	2		Business%20Context.png	1556280909646	1556280912847	OK	 
REQUEST	8		BBLevel1.png	1556280909914	1556280912848	OK	 
REQUEST	5		concepts.png	1556280911889	1556280912901	OK	 
REQUEST	2		qualityTree.png	1556280912225	1556280912908	OK	 
REQUEST	7		Business%20Context.png	1556280909532	1556280912910	OK	 
REQUEST	6		BBLevel2Repository.png	1556280910276	1556280912941	OK	 
REQUEST	8		Business%20Context.png	1556280909913	1556280912943	OK	 
REQUEST	4		qualityTree.png	1556280912746	1556280912959	OK	 
REQUEST	4		problems.png	1556280912776	1556280913014	OK	 
REQUEST	3		problems.png	1556280912808	1556280913052	OK	 
REQUEST	4		sendMessages.png	1556280911311	1556280913081	OK	 
REQUEST	1		loginProcess.png	1556280912405	1556280913104	OK	 
REQUEST	6		concepts.png	1556280912827	1556280913132	OK	 
REQUEST	4		DesDesicions.png	1556280912436	1556280913132	OK	 
REQUEST	7		qualityTree.png	1556280912344	1556280913150	OK	 
REQUEST	8		problems.png	1556280912943	1556280913157	OK	 
REQUEST	7		problems.png	1556280912911	1556280913220	OK	 
REQUEST	8		concepts.png	1556280912703	1556280913247	OK	 
REQUEST	1		DeploymentView.png	1556280913105	1556280913328	OK	 
REQUEST	7		concepts.png	1556280911770	1556280913526	OK	 
REQUEST	1		Business%20Context.png	1556280909913	1556280913565	OK	 
REQUEST	8		userJourney.png	1556280909915	1556280913567	OK	 
REQUEST	6		DesDesicions.png	1556280912941	1556280913647	OK	 
REQUEST	6		qualityTree.png	1556280913133	1556280913673	OK	 
REQUEST	8		DesDesicions.png	1556280912727	1556280913701	OK	 
REQUEST	8		sendMessages.png	1556280911826	1556280913703	OK	 
REQUEST	3		loginProcess.png	1556280910470	1556280913718	OK	 
REQUEST	8		qualityTree.png	1556280912849	1556280913727	OK	 
REQUEST	1		sendMessages.png	1556280912448	1556280913729	OK	 
USER	DeChat-ES-6A-II-Performance-Test	8	END	1556280856798	1556280913736
REQUEST	3		concepts.png	1556280911855	1556280913758	OK	 
REQUEST	2		problems.png	1556280912335	1556280913758	OK	 
REQUEST	6		problems.png	1556280913647	1556280913837	OK	 
REQUEST	7		BBLevel1.png	1556280909538	1556280913847	OK	 
REQUEST	3		BBLevel1.png	1556280909544	1556280913865	OK	 
REQUEST	3		Business%20Context.png	1556280909543	1556280913872	OK	 
REQUEST	3		userJourney.png	1556280909545	1556280913877	OK	 
USER	DeChat-ES-6A-II-Performance-Test	3	END	1556280856797	1556280913879
REQUEST	1		BBLevel2Repository.png	1556280909914	1556280913907	OK	 
REQUEST	7		BBLevel2Repository.png	1556280909539	1556280913912	OK	 
REQUEST	6		BBLevel1.png	1556280910274	1556280913951	OK	 
REQUEST	1		userJourney.png	1556280909915	1556280913970	OK	 
REQUEST	1		concepts.png	1556280913329	1556280913980	OK	 
REQUEST	1		DesDesicions.png	1556280913566	1556280914005	OK	 
REQUEST	6		BBLevel2Service.png	1556280910275	1556280914110	OK	 
REQUEST	1		problems.png	1556280913907	1556280914127	OK	 
REQUEST	4		userJourney.png	1556280909678	1556280914129	OK	 
REQUEST	1		qualityTree.png	1556280913729	1556280914139	OK	 
REQUEST	2		BBLevel1.png	1556280909647	1556280914142	OK	 
REQUEST	6		loginProcess.png	1556280911247	1556280914142	OK	 
REQUEST	4		BBLevel2Service.png	1556280909677	1556280914175	OK	 
USER	DeChat-ES-6A-II-Performance-Test	4	END	1556280856798	1556280914178
REQUEST	5		qualityTree.png	1556280912212	1556280914208	OK	 
REQUEST	2		concepts.png	1556280911775	1556280914208	OK	 
REQUEST	6		userJourney.png	1556280910276	1556280914211	OK	 
USER	DeChat-ES-6A-II-Performance-Test	6	END	1556280856798	1556280914215
REQUEST	5		userJourney.png	1556280909539	1556280914376	OK	 
REQUEST	2		userJourney.png	1556280909648	1556280914477	OK	 
USER	DeChat-ES-6A-II-Performance-Test	2	END	1556280856797	1556280914482
REQUEST	5		problems.png	1556280912284	1556280914547	OK	 
USER	DeChat-ES-6A-II-Performance-Test	5	END	1556280856798	1556280914553
REQUEST	7		userJourney.png	1556280909539	1556280914753	OK	 
USER	DeChat-ES-6A-II-Performance-Test	7	END	1556280856798	1556280914756
REQUEST	1		Technical%20Context.png	1556280909913	1556280917002	OK	 
USER	DeChat-ES-6A-II-Performance-Test	1	END	1556280856797	1556280917068
