RUN	computerdatabase.DechatTestSimulation	dechattestsimulation	1556213540867	 	3.1.1
USER	DeChat-ES-6A-II-test	1	START	1556213542630	1556213542630
REQUEST	1		request_1	1556213542673	1556213542926	OK	 
REQUEST	1		request_2	1556213542960	1556213543153	OK	 
REQUEST	1		request_2 Redirect 1	1556213543157	1556213543310	OK	 
REQUEST	1		icon.png	1556213543414	1556213544030	OK	 
REQUEST	1		broken.gif	1556213544032	1556213544249	OK	 
REQUEST	1		212328-200.png	1556213543418	1556213544297	OK	 
REQUEST	1		rwi-12-512.png	1556213543687	1556213544359	OK	 
REQUEST	1		cam-camera-record-video-film-movie-round-512.png	1556213543994	1556213544361	OK	 
REQUEST	1		css?family=Allerta Stencil	1556213543599	1556213544401	OK	 
REQUEST	1		coffee.gif	1556213544250	1556213544413	OK	 
REQUEST	1		aja.gif	1556213543415	1556213544415	OK	 
REQUEST	1		angel.gif	1556213543416	1556213544417	OK	 
REQUEST	1		awklaugh.gif	1556213543417	1556213544419	OK	 
REQUEST	1		angry.gif	1556213543417	1556213544424	OK	 
REQUEST	1		ale.gif	1556213543416	1556213544613	OK	 
REQUEST	1		?u=http%3A%2F%2F1d4chan.org%2Fimages%2Fthumb%2F6%2F6f%2FSturnn.JPG%2F300px-Sturnn.JPG&f=1	1556213543507	1556213544619	OK	 
REQUEST	1		dance.gif	1556213544416	1556213544651	OK	 
REQUEST	1		D.gif	1556213544414	1556213544653	OK	 
REQUEST	1		doubt.gif	1556213544418	1556213544654	OK	 
REQUEST	1		grazy.gif	1556213544420	1556213544713	OK	 
REQUEST	1		idk.gif	1556213544425	1556213544732	OK	 
REQUEST	1		jaja.gif	1556213544614	1556213544921	OK	 
REQUEST	1		jiji.gif	1556213544654	1556213544923	OK	 
REQUEST	1		jajano.gif	1556213544652	1556213544925	OK	 
REQUEST	1		lmao.gif	1556213544655	1556213544927	OK	 
REQUEST	1		npc.gif	1556213544733	1556213544929	OK	 
REQUEST	1		n1.gif	1556213544714	1556213544932	OK	 
REQUEST	1		popcorn.gif	1556213544922	1556213545144	OK	 
REQUEST	1		sadpepe.gif	1556213544926	1556213545146	OK	 
REQUEST	1		sing.gif	1556213544931	1556213545147	OK	 
REQUEST	1		smugpepe.gif	1556213544933	1556213545161	OK	 
REQUEST	1		sidra.gif	1556213544928	1556213545168	OK	 
REQUEST	1		srsly.gif	1556213545146	1556213545304	OK	 
REQUEST	1		thumbsup.gif	1556213545148	1556213545320	OK	 
REQUEST	1		sniper.gif	1556213545145	1556213545322	OK	 
REQUEST	1		worship.gif	1556213545169	1556213545324	OK	 
REQUEST	1		wink.gif	1556213545162	1556213545324	OK	 
REQUEST	1		remove.gif	1556213544924	1556213545468	OK	 
REQUEST	1		yesyes2.gif	1556213545305	1556213545474	OK	 
REQUEST	1		youwhat.gif	1556213545322	1556213545503	OK	 
REQUEST	1		yesyes3.gif	1556213545321	1556213545535	OK	 
REQUEST	1		request_3	1556213604520	1556213604927	OK	 
REQUEST	1		css?family=Open+Sans:300,300italic,400,400italic,600,600italic%7CNoto+Serif:400,400italic,700,700italic%7CDroid+Sans+Mono:400,700	1556213604972	1556213605068	OK	 
REQUEST	1		LogoASW.png	1556213604951	1556213605102	OK	 
REQUEST	1		Technical%20Context.png	1556213604968	1556213605352	OK	 
REQUEST	1		Business%20Context.png	1556213604952	1556213606028	OK	 
REQUEST	1		BBLevel1.png	1556213604969	1556213606043	OK	 
REQUEST	1		BBLevel2Repository.png	1556213604970	1556213606044	OK	 
REQUEST	1		BBLevel2Service.png	1556213604970	1556213606100	OK	 
REQUEST	1		loginProcess.png	1556213605353	1556213606204	OK	 
REQUEST	1		userJourney.png	1556213604971	1556213606544	OK	 
REQUEST	1		DesDesicions.png	1556213606100	1556213606763	OK	 
REQUEST	1		DeploymentView.png	1556213606044	1556213606775	OK	 
REQUEST	1		problems.png	1556213606545	1556213606782	OK	 
REQUEST	1		qualityTree.png	1556213606205	1556213606816	OK	 
REQUEST	1		concepts.png	1556213606045	1556213606842	OK	 
REQUEST	1		sendMessages.png	1556213606029	1556213607269	OK	 
USER	DeChat-ES-6A-II-test	1	END	1556213542630	1556213607276
